<?xml version="1.0" encoding="UTF-8"?>
<!-- Generated by org.testng.reporters.JUnitReportReporter -->
<testsuite skipped="0" hostname="LAPTOP-OJ4Q9LIF" name="com.actitime.scripts.TaskTest" tests="2" failures="0" timestamp="2020-01-14T00:24:54 IST" time="49.187" errors="0">
  <testcase name="custCreate" time="25.695" classname="com.actitime.scripts.TaskTest"/>
  <testcase name="custDelete" time="23.492" classname="com.actitime.scripts.TaskTest"/>
</testsuite> <!-- com.actitime.scripts.TaskTest -->
