<?xml version="1.0" encoding="UTF-8"?>
<!-- Generated by org.testng.reporters.JUnitReportReporter -->
<testsuite skipped="0" hostname="LAPTOP-OJ4Q9LIF" name="com.actitime.scripts.invalidLoginTest" tests="1" failures="0" timestamp="2020-01-11T16:03:30 IST" time="17.698" errors="0">
  <testcase name="invalidlogin" time="17.698" classname="com.actitime.scripts.invalidLoginTest"/>
</testsuite> <!-- com.actitime.scripts.invalidLoginTest -->
